<?xml version="1.0" encoding="UTF-8"?>
<testsuite xmlns:xsi="http://www.w3.org/2001/XMLSchema-instance" xsi:noNamespaceSchemaLocation="https://maven.apache.org/surefire/maven-surefire-plugin/xsd/surefire-test-report-3.0.xsd" version="3.0" name="com.sebshader.roman.RomanNumeralsTest" time="0.496" tests="29" errors="0" skipped="0" failures="0">
  <properties>
    <property name="java.specification.version" value="17"/>
    <property name="sun.jnu.encoding" value="UTF-8"/>
    <property name="java.class.path" value="/home/mxseb/codins/src/revature/roman-numerals/target/test-classes:/home/mxseb/codins/src/revature/roman-numerals/target/classes:/home/mxseb/.m2/repository/org/junit/jupiter/junit-jupiter/5.9.1/junit-jupiter-5.9.1.jar:/home/mxseb/.m2/repository/org/junit/jupiter/junit-jupiter-api/5.9.1/junit-jupiter-api-5.9.1.jar:/home/mxseb/.m2/repository/org/opentest4j/opentest4j/1.2.0/opentest4j-1.2.0.jar:/home/mxseb/.m2/repository/org/junit/platform/junit-platform-commons/1.9.1/junit-platform-commons-1.9.1.jar:/home/mxseb/.m2/repository/org/apiguardian/apiguardian-api/1.1.2/apiguardian-api-1.1.2.jar:/home/mxseb/.m2/repository/org/junit/jupiter/junit-jupiter-params/5.9.1/junit-jupiter-params-5.9.1.jar:/home/mxseb/.m2/repository/org/junit/jupiter/junit-jupiter-engine/5.9.1/junit-jupiter-engine-5.9.1.jar:/home/mxseb/.m2/repository/org/junit/platform/junit-platform-engine/1.9.1/junit-platform-engine-1.9.1.jar:"/>
    <property name="java.vm.vendor" value="Debian"/>
    <property name="sun.arch.data.model" value="64"/>
    <property name="java.vendor.url" value="https://tracker.debian.org/openjdk-17"/>
    <property name="os.name" value="Linux"/>
    <property name="java.vm.specification.version" value="17"/>
    <property name="sun.java.launcher" value="SUN_STANDARD"/>
    <property name="user.country" value="US"/>
    <property name="sun.boot.library.path" value="/usr/lib/jvm/java-17-openjdk-amd64/lib"/>
    <property name="sun.java.command" value="/home/mxseb/codins/src/revature/roman-numerals/target/surefire/surefirebooter-20230223175625426_3.jar /home/mxseb/codins/src/revature/roman-numerals/target/surefire 2023-02-23T17-56-24_424-jvmRun1 surefire-20230223175625426_1tmp surefire_0-20230223175625426_2tmp"/>
    <property name="jdk.debug" value="release"/>
    <property name="surefire.test.class.path" value="/home/mxseb/codins/src/revature/roman-numerals/target/test-classes:/home/mxseb/codins/src/revature/roman-numerals/target/classes:/home/mxseb/.m2/repository/org/junit/jupiter/junit-jupiter/5.9.1/junit-jupiter-5.9.1.jar:/home/mxseb/.m2/repository/org/junit/jupiter/junit-jupiter-api/5.9.1/junit-jupiter-api-5.9.1.jar:/home/mxseb/.m2/repository/org/opentest4j/opentest4j/1.2.0/opentest4j-1.2.0.jar:/home/mxseb/.m2/repository/org/junit/platform/junit-platform-commons/1.9.1/junit-platform-commons-1.9.1.jar:/home/mxseb/.m2/repository/org/apiguardian/apiguardian-api/1.1.2/apiguardian-api-1.1.2.jar:/home/mxseb/.m2/repository/org/junit/jupiter/junit-jupiter-params/5.9.1/junit-jupiter-params-5.9.1.jar:/home/mxseb/.m2/repository/org/junit/jupiter/junit-jupiter-engine/5.9.1/junit-jupiter-engine-5.9.1.jar:/home/mxseb/.m2/repository/org/junit/platform/junit-platform-engine/1.9.1/junit-platform-engine-1.9.1.jar:"/>
    <property name="sun.cpu.endian" value="little"/>
    <property name="user.home" value="/home/mxseb"/>
    <property name="user.language" value="en"/>
    <property name="java.specification.vendor" value="Oracle Corporation"/>
    <property name="java.version.date" value="2023-01-17"/>
    <property name="java.home" value="/usr/lib/jvm/java-17-openjdk-amd64"/>
    <property name="file.separator" value="/"/>
    <property name="basedir" value="/home/mxseb/codins/src/revature/roman-numerals"/>
    <property name="java.vm.compressedOopsMode" value="32-bit"/>
    <property name="line.separator" value="&#10;"/>
    <property name="java.vm.specification.vendor" value="Oracle Corporation"/>
    <property name="java.specification.name" value="Java Platform API Specification"/>
    <property name="surefire.real.class.path" value="/home/mxseb/codins/src/revature/roman-numerals/target/surefire/surefirebooter-20230223175625426_3.jar"/>
    <property name="sun.management.compiler" value="HotSpot 64-Bit Tiered Compilers"/>
    <property name="java.runtime.version" value="17.0.6+10-Debian-1deb11u1"/>
    <property name="user.name" value="mxseb"/>
    <property name="path.separator" value=":"/>
    <property name="os.version" value="5.10.0-21-amd64"/>
    <property name="java.runtime.name" value="OpenJDK Runtime Environment"/>
    <property name="file.encoding" value="UTF-8"/>
    <property name="java.vm.name" value="OpenJDK 64-Bit Server VM"/>
    <property name="localRepository" value="/home/mxseb/.m2/repository"/>
    <property name="java.vendor.url.bug" value="https://bugs.debian.org/openjdk-17"/>
    <property name="java.io.tmpdir" value="/tmp"/>
    <property name="java.version" value="17.0.6"/>
    <property name="user.dir" value="/home/mxseb/codins/src/revature/roman-numerals"/>
    <property name="os.arch" value="amd64"/>
    <property name="java.vm.specification.name" value="Java Virtual Machine Specification"/>
    <property name="native.encoding" value="UTF-8"/>
    <property name="java.library.path" value="/usr/java/packages/lib:/usr/lib/x86_64-linux-gnu/jni:/lib/x86_64-linux-gnu:/usr/lib/x86_64-linux-gnu:/usr/lib/jni:/lib:/usr/lib"/>
    <property name="java.vm.info" value="mixed mode, sharing"/>
    <property name="java.vendor" value="Debian"/>
    <property name="java.vm.version" value="17.0.6+10-Debian-1deb11u1"/>
    <property name="sun.io.unicode.encoding" value="UnicodeLittle"/>
    <property name="java.class.version" value="61.0"/>
  </properties>
  <testcase name="stringExceptionTest(String)[1]" classname="com.sebshader.roman.RomanNumeralsTest" time="0.083"/>
  <testcase name="stringExceptionTest(String)[2]" classname="com.sebshader.roman.RomanNumeralsTest" time="0.005"/>
  <testcase name="stringExceptionTest(String)[3]" classname="com.sebshader.roman.RomanNumeralsTest" time="0.002"/>
  <testcase name="stringExceptionTest(String)[4]" classname="com.sebshader.roman.RomanNumeralsTest" time="0.003"/>
  <testcase name="stringExceptionTest(String)[5]" classname="com.sebshader.roman.RomanNumeralsTest" time="0.004"/>
  <testcase name="stringExceptionTest(String)[6]" classname="com.sebshader.roman.RomanNumeralsTest" time="0.003"/>
  <testcase name="stringExceptionTest(String)[7]" classname="com.sebshader.roman.RomanNumeralsTest" time="0.002"/>
  <testcase name="stringExceptionTest(String)[8]" classname="com.sebshader.roman.RomanNumeralsTest" time="0.003"/>
  <testcase name="stringExceptionTest(String)[9]" classname="com.sebshader.roman.RomanNumeralsTest" time="0.003"/>
  <testcase name="stringExceptionTest(String)[10]" classname="com.sebshader.roman.RomanNumeralsTest" time="0.002"/>
  <testcase name="stringExceptionTest(String)[11]" classname="com.sebshader.roman.RomanNumeralsTest" time="0.003"/>
  <testcase name="stringExceptionTest(String)[12]" classname="com.sebshader.roman.RomanNumeralsTest" time="0.002"/>
  <testcase name="stringExceptionTest(String)[13]" classname="com.sebshader.roman.RomanNumeralsTest" time="0.002"/>
  <testcase name="intExceptionTest(int)[1]" classname="com.sebshader.roman.RomanNumeralsTest" time="0.003"/>
  <testcase name="intExceptionTest(int)[2]" classname="com.sebshader.roman.RomanNumeralsTest" time="0.003"/>
  <testcase name="intExceptionTest(int)[3]" classname="com.sebshader.roman.RomanNumeralsTest" time="0.002"/>
  <testcase name="toStringTest(int, String)[1]" classname="com.sebshader.roman.RomanNumeralsTest" time="0.004"/>
  <testcase name="toStringTest(int, String)[2]" classname="com.sebshader.roman.RomanNumeralsTest" time="0.002"/>
  <testcase name="toStringTest(int, String)[3]" classname="com.sebshader.roman.RomanNumeralsTest" time="0.002"/>
  <testcase name="toStringTest(int, String)[4]" classname="com.sebshader.roman.RomanNumeralsTest" time="0.003"/>
  <testcase name="toStringTest(int, String)[5]" classname="com.sebshader.roman.RomanNumeralsTest" time="0.002"/>
  <testcase name="toStringTest(String, int)[1]" classname="com.sebshader.roman.RomanNumeralsTest" time="0.002"/>
  <testcase name="toStringTest(String, int)[2]" classname="com.sebshader.roman.RomanNumeralsTest" time="0.003"/>
  <testcase name="toStringTest(String, int)[3]" classname="com.sebshader.roman.RomanNumeralsTest" time="0.006"/>
  <testcase name="toStringTest(String, int)[4]" classname="com.sebshader.roman.RomanNumeralsTest" time="0.002"/>
  <testcase name="toStringTest(String, int)[5]" classname="com.sebshader.roman.RomanNumeralsTest" time="0.007"/>
  <testcase name="toStringTest(String, int)[6]" classname="com.sebshader.roman.RomanNumeralsTest" time="0.002"/>
  <testcase name="toStringTest(String, int)[7]" classname="com.sebshader.roman.RomanNumeralsTest" time="0.002"/>
  <testcase name="toStringTest(String, int)[8]" classname="com.sebshader.roman.RomanNumeralsTest" time="0.002"/>
</testsuite>